  [1m[35m (880.2ms)[0m  [1m[35mCREATE DATABASE "PollsApp_development" ENCODING = 'unicode'[0m
  ↳ bin/rails:9
  [1m[35m (249.4ms)[0m  [1m[35mCREATE DATABASE "PollsApp_test" ENCODING = 'unicode'[0m
  ↳ bin/rails:9
  [1m[35m (23.5ms)[0m  [1m[35mCREATE TABLE "schema_migrations" ("version" character varying NOT NULL PRIMARY KEY)[0m
  ↳ bin/rails:9
  [1m[35m (38.0ms)[0m  [1m[35mCREATE TABLE "ar_internal_metadata" ("key" character varying NOT NULL PRIMARY KEY, "value" character varying, "created_at" timestamp NOT NULL, "updated_at" timestamp NOT NULL)[0m
  ↳ bin/rails:9
  [1m[35m (0.3ms)[0m  [1m[34mSELECT pg_try_advisory_lock(7707985007465768025)[0m
  ↳ bin/rails:9
  [1m[35m (1.0ms)[0m  [1m[34mSELECT "schema_migrations"."version" FROM "schema_migrations" ORDER BY "schema_migrations"."version" ASC[0m
  ↳ bin/rails:9
Migrating to CreateUsers (20190627185651)
  [1m[35m (0.3ms)[0m  [1m[35mBEGIN[0m
  ↳ bin/rails:9
  [1m[35m (22.0ms)[0m  [1m[35mCREATE TABLE "users" ("id" bigserial primary key, "created_at" timestamp NOT NULL, "updated_at" timestamp NOT NULL, "username" character varying NOT NULL)[0m
  ↳ db/migrate/20190627185651_create_users.rb:4
  [1m[35m (1.4ms)[0m  [1m[35mCREATE UNIQUE INDEX  "index_users_on_username" ON "users"  ("username")[0m
  ↳ db/migrate/20190627185651_create_users.rb:11
  [1m[36mActiveRecord::SchemaMigration Create (0.7ms)[0m  [1m[32mINSERT INTO "schema_migrations" ("version") VALUES ($1) RETURNING "version"[0m  [["version", "20190627185651"]]
  ↳ bin/rails:9
  [1m[35m (0.9ms)[0m  [1m[35mCOMMIT[0m
  ↳ bin/rails:9
Migrating to CreatePolls (20190627185658)
  [1m[35m (0.4ms)[0m  [1m[35mBEGIN[0m
  ↳ bin/rails:9
  [1m[35m (4.7ms)[0m  [1m[35mCREATE TABLE "polls" ("id" bigserial primary key, "title" character varying NOT NULL, "author_id" integer NOT NULL, "created_at" timestamp NOT NULL, "updated_at" timestamp NOT NULL)[0m
  ↳ db/migrate/20190627185658_create_polls.rb:5
  [1m[35m (1.2ms)[0m  [1m[35mCREATE  INDEX  "index_polls_on_author_id" ON "polls"  ("author_id")[0m
  ↳ db/migrate/20190627185658_create_polls.rb:11
  [1m[36mActiveRecord::SchemaMigration Create (0.4ms)[0m  [1m[32mINSERT INTO "schema_migrations" ("version") VALUES ($1) RETURNING "version"[0m  [["version", "20190627185658"]]
  ↳ bin/rails:9
  [1m[35m (0.6ms)[0m  [1m[35mCOMMIT[0m
  ↳ bin/rails:9
Migrating to CreateQuestions (20190627185706)
  [1m[35m (15.5ms)[0m  [1m[35mBEGIN[0m
  ↳ bin/rails:9
  [1m[35m (6.6ms)[0m  [1m[35mCREATE TABLE "questions" ("id" bigserial primary key, "text" character varying NOT NULL, "poll_id" integer NOT NULL, "created_at" timestamp NOT NULL, "updated_at" timestamp NOT NULL)[0m
  ↳ db/migrate/20190627185706_create_questions.rb:3
  [1m[35m (1.9ms)[0m  [1m[35mCREATE  INDEX  "index_questions_on_poll_id" ON "questions"  ("poll_id")[0m
  ↳ db/migrate/20190627185706_create_questions.rb:9
  [1m[36mActiveRecord::SchemaMigration Create (0.6ms)[0m  [1m[32mINSERT INTO "schema_migrations" ("version") VALUES ($1) RETURNING "version"[0m  [["version", "20190627185706"]]
  ↳ bin/rails:9
  [1m[35m (0.7ms)[0m  [1m[35mCOMMIT[0m
  ↳ bin/rails:9
Migrating to CreateAnswerChoices (20190627185716)
  [1m[35m (15.7ms)[0m  [1m[35mBEGIN[0m
  ↳ bin/rails:9
  [1m[35m (21.4ms)[0m  [1m[35mCREATE TABLE "answer_choices" ("id" bigserial primary key, "text" character varying NOT NULL, "question_id" integer NOT NULL, "created_at" timestamp NOT NULL, "updated_at" timestamp NOT NULL)[0m
  ↳ db/migrate/20190627185716_create_answer_choices.rb:3
  [1m[35m (3.1ms)[0m  [1m[35mCREATE  INDEX  "index_answer_choices_on_question_id" ON "answer_choices"  ("question_id")[0m
  ↳ db/migrate/20190627185716_create_answer_choices.rb:9
  [1m[36mActiveRecord::SchemaMigration Create (0.5ms)[0m  [1m[32mINSERT INTO "schema_migrations" ("version") VALUES ($1) RETURNING "version"[0m  [["version", "20190627185716"]]
  ↳ bin/rails:9
  [1m[35m (0.7ms)[0m  [1m[35mCOMMIT[0m
  ↳ bin/rails:9
Migrating to CreateResponses (20190627185724)
  [1m[35m (14.8ms)[0m  [1m[35mBEGIN[0m
  ↳ bin/rails:9
  [1m[35m (5.0ms)[0m  [1m[35mCREATE TABLE "responses" ("id" bigserial primary key, "created_at" timestamp NOT NULL, "updated_at" timestamp NOT NULL, "respondent_id" integer NOT NULL, "answer_choice_id" integer NOT NULL)[0m
  ↳ db/migrate/20190627185724_create_responses.rb:4
  [1m[35m (1.2ms)[0m  [1m[35mCREATE  INDEX  "index_responses_on_respondent_id" ON "responses"  ("respondent_id")[0m
  ↳ db/migrate/20190627185724_create_responses.rb:10
  [1m[35m (1.6ms)[0m  [1m[35mCREATE  INDEX  "index_responses_on_answer_choice_id" ON "responses"  ("answer_choice_id")[0m
  ↳ db/migrate/20190627185724_create_responses.rb:11
  [1m[36mActiveRecord::SchemaMigration Create (0.6ms)[0m  [1m[32mINSERT INTO "schema_migrations" ("version") VALUES ($1) RETURNING "version"[0m  [["version", "20190627185724"]]
  ↳ bin/rails:9
  [1m[35m (0.6ms)[0m  [1m[35mCOMMIT[0m
  ↳ bin/rails:9
  [1m[36mActiveRecord::InternalMetadata Load (0.7ms)[0m  [1m[34mSELECT  "ar_internal_metadata".* FROM "ar_internal_metadata" WHERE "ar_internal_metadata"."key" = $1 LIMIT $2[0m  [["key", "environment"], ["LIMIT", 1]]
  ↳ bin/rails:9
  [1m[35m (0.2ms)[0m  [1m[35mBEGIN[0m
  ↳ bin/rails:9
  [1m[36mActiveRecord::InternalMetadata Create (0.6ms)[0m  [1m[32mINSERT INTO "ar_internal_metadata" ("key", "value", "created_at", "updated_at") VALUES ($1, $2, $3, $4) RETURNING "key"[0m  [["key", "environment"], ["value", "development"], ["created_at", "2019-06-27 20:17:00.817663"], ["updated_at", "2019-06-27 20:17:00.817663"]]
  ↳ bin/rails:9
  [1m[35m (15.6ms)[0m  [1m[35mCOMMIT[0m
  ↳ bin/rails:9
  [1m[35m (0.9ms)[0m  [1m[34mSELECT pg_advisory_unlock(7707985007465768025)[0m
  ↳ bin/rails:9
  [1m[35m (0.8ms)[0m  [1m[34mSELECT "schema_migrations"."version" FROM "schema_migrations" ORDER BY "schema_migrations"."version" ASC[0m
  ↳ bin/rails:9
  [1m[35m (1.1ms)[0m  [1m[34mSELECT "schema_migrations"."version" FROM "schema_migrations" ORDER BY "schema_migrations"."version" ASC[0m
  ↳ /Users/aa/.rbenv/versions/2.5.1/bin/annotate:23
  [1m[35m (1.1ms)[0m  [1m[34mSELECT "schema_migrations"."version" FROM "schema_migrations" ORDER BY "schema_migrations"."version" ASC[0m
  ↳ /Users/aa/.rbenv/versions/2.5.1/bin/annotate:23
  [1m[35m (1.2ms)[0m  [1m[34mSELECT "schema_migrations"."version" FROM "schema_migrations" ORDER BY "schema_migrations"."version" ASC[0m
  ↳ bin/rails:9
  [1m[35m (0.3ms)[0m  [1m[35mBEGIN[0m
  ↳ db/seeds.rb:10
  [1m[36mUser Create (19.4ms)[0m  [1m[32mINSERT INTO "users" ("created_at", "updated_at", "username") VALUES ($1, $2, $3) RETURNING "id"[0m  [["created_at", "2019-06-27 21:08:29.843324"], ["updated_at", "2019-06-27 21:08:29.843324"], ["username", "Alistair"]]
  ↳ db/seeds.rb:10
  [1m[35m (0.8ms)[0m  [1m[35mCOMMIT[0m
  ↳ db/seeds.rb:10
  [1m[35m (0.2ms)[0m  [1m[35mBEGIN[0m
  ↳ db/seeds.rb:11
  [1m[36mUser Create (0.6ms)[0m  [1m[32mINSERT INTO "users" ("created_at", "updated_at", "username") VALUES ($1, $2, $3) RETURNING "id"[0m  [["created_at", "2019-06-27 21:08:29.867056"], ["updated_at", "2019-06-27 21:08:29.867056"], ["username", "Si"]]
  ↳ db/seeds.rb:11
  [1m[35m (0.5ms)[0m  [1m[35mCOMMIT[0m
  ↳ db/seeds.rb:11
  [1m[35m (0.2ms)[0m  [1m[35mBEGIN[0m
  ↳ db/seeds.rb:12
  [1m[36mUser Create (0.5ms)[0m  [1m[32mINSERT INTO "users" ("created_at", "updated_at", "username") VALUES ($1, $2, $3) RETURNING "id"[0m  [["created_at", "2019-06-27 21:08:29.870562"], ["updated_at", "2019-06-27 21:08:29.870562"], ["username", "Mané"]]
  ↳ db/seeds.rb:12
  [1m[35m (0.5ms)[0m  [1m[35mCOMMIT[0m
  ↳ db/seeds.rb:12
  [1m[35m (0.2ms)[0m  [1m[35mBEGIN[0m
  ↳ db/seeds.rb:13
  [1m[36mUser Create (0.5ms)[0m  [1m[32mINSERT INTO "users" ("created_at", "updated_at", "username") VALUES ($1, $2, $3) RETURNING "id"[0m  [["created_at", "2019-06-27 21:08:29.873979"], ["updated_at", "2019-06-27 21:08:29.873979"], ["username", "Chris Hemsworth"]]
  ↳ db/seeds.rb:13
  [1m[35m (0.5ms)[0m  [1m[35mCOMMIT[0m
  ↳ db/seeds.rb:13
  [1m[35m (0.2ms)[0m  [1m[35mBEGIN[0m
  ↳ db/seeds.rb:15
  [1m[35m (0.3ms)[0m  [1m[31mROLLBACK[0m
  ↳ db/seeds.rb:15
  [1m[35m (1.0ms)[0m  [1m[34mSELECT "schema_migrations"."version" FROM "schema_migrations" ORDER BY "schema_migrations"."version" ASC[0m
  ↳ bin/rails:9
  [1m[35m (0.2ms)[0m  [1m[35mBEGIN[0m
  ↳ db/seeds.rb:10
  [1m[36mUser Create (21.5ms)[0m  [1m[32mINSERT INTO "users" ("created_at", "updated_at", "username") VALUES ($1, $2, $3) RETURNING "id"[0m  [["created_at", "2019-06-27 21:09:18.478005"], ["updated_at", "2019-06-27 21:09:18.478005"], ["username", "Alistair"]]
  ↳ db/seeds.rb:10
  [1m[35m (0.2ms)[0m  [1m[31mROLLBACK[0m
  ↳ db/seeds.rb:10
  [1m[35m (1.0ms)[0m  [1m[34mSELECT "schema_migrations"."version" FROM "schema_migrations" ORDER BY "schema_migrations"."version" ASC[0m
  ↳ bin/rails:9
  [1m[35m (0.2ms)[0m  [1m[35mBEGIN[0m
  ↳ db/seeds.rb:10
  [1m[36mUser Create (4.9ms)[0m  [1m[32mINSERT INTO "users" ("created_at", "updated_at", "username") VALUES ($1, $2, $3) RETURNING "id"[0m  [["created_at", "2019-06-27 21:09:27.881123"], ["updated_at", "2019-06-27 21:09:27.881123"], ["username", "Alistair"]]
  ↳ db/seeds.rb:10
  [1m[35m (0.2ms)[0m  [1m[31mROLLBACK[0m
  ↳ db/seeds.rb:10
  [1m[35m (1.0ms)[0m  [1m[34mSELECT "schema_migrations"."version" FROM "schema_migrations" ORDER BY "schema_migrations"."version" ASC[0m
  ↳ bin/rails:9
  [1m[36mUser Load (19.1ms)[0m  [1m[34mSELECT "users".* FROM "users"[0m
  ↳ db/seeds.rb:9
  [1m[35m (0.3ms)[0m  [1m[35mBEGIN[0m
  ↳ db/seeds.rb:9
  [1m[36mUser Destroy (23.4ms)[0m  [1m[31mDELETE FROM "users" WHERE "users"."id" = $1[0m  [["id", 1]]
  ↳ db/seeds.rb:9
  [1m[35m (0.6ms)[0m  [1m[35mCOMMIT[0m
  ↳ db/seeds.rb:9
  [1m[35m (0.1ms)[0m  [1m[35mBEGIN[0m
  ↳ db/seeds.rb:9
  [1m[36mUser Destroy (0.5ms)[0m  [1m[31mDELETE FROM "users" WHERE "users"."id" = $1[0m  [["id", 2]]
  ↳ db/seeds.rb:9
  [1m[35m (0.6ms)[0m  [1m[35mCOMMIT[0m
  ↳ db/seeds.rb:9
  [1m[35m (0.1ms)[0m  [1m[35mBEGIN[0m
  ↳ db/seeds.rb:9
  [1m[36mUser Destroy (0.4ms)[0m  [1m[31mDELETE FROM "users" WHERE "users"."id" = $1[0m  [["id", 3]]
  ↳ db/seeds.rb:9
  [1m[35m (0.5ms)[0m  [1m[35mCOMMIT[0m
  ↳ db/seeds.rb:9
  [1m[35m (0.1ms)[0m  [1m[35mBEGIN[0m
  ↳ db/seeds.rb:9
  [1m[36mUser Destroy (0.4ms)[0m  [1m[31mDELETE FROM "users" WHERE "users"."id" = $1[0m  [["id", 4]]
  ↳ db/seeds.rb:9
  [1m[35m (0.5ms)[0m  [1m[35mCOMMIT[0m
  ↳ db/seeds.rb:9
  [1m[36mPoll Load (27.7ms)[0m  [1m[34mSELECT "polls".* FROM "polls"[0m
  ↳ db/seeds.rb:10
  [1m[36mQuestion Load (20.7ms)[0m  [1m[34mSELECT "questions".* FROM "questions"[0m
  ↳ db/seeds.rb:11
  [1m[35m (1.0ms)[0m  [1m[34mSELECT "schema_migrations"."version" FROM "schema_migrations" ORDER BY "schema_migrations"."version" ASC[0m
  ↳ bin/rails:9
  [1m[36mUser Load (0.8ms)[0m  [1m[34mSELECT "users".* FROM "users"[0m
  ↳ db/seeds.rb:9
  [1m[36mPoll Load (0.8ms)[0m  [1m[34mSELECT "polls".* FROM "polls"[0m
  ↳ db/seeds.rb:10
  [1m[36mQuestion Load (0.8ms)[0m  [1m[34mSELECT "questions".* FROM "questions"[0m
  ↳ db/seeds.rb:11
  [1m[36mAnswerChoice Load (18.1ms)[0m  [1m[34mSELECT "answer_choices".* FROM "answer_choices"[0m
  ↳ db/seeds.rb:12
  [1m[36mResponse Load (37.2ms)[0m  [1m[34mSELECT "responses".* FROM "responses"[0m
  ↳ db/seeds.rb:13
  [1m[35m (0.3ms)[0m  [1m[35mBEGIN[0m
  ↳ db/seeds.rb:16
  [1m[36mUser Create (0.8ms)[0m  [1m[32mINSERT INTO "users" ("created_at", "updated_at", "username") VALUES ($1, $2, $3) RETURNING "id"[0m  [["created_at", "2019-06-27 21:12:40.610493"], ["updated_at", "2019-06-27 21:12:40.610493"], ["username", "Alistair"]]
  ↳ db/seeds.rb:16
  [1m[35m (0.6ms)[0m  [1m[35mCOMMIT[0m
  ↳ db/seeds.rb:16
  [1m[35m (0.1ms)[0m  [1m[35mBEGIN[0m
  ↳ db/seeds.rb:17
  [1m[36mUser Create (0.4ms)[0m  [1m[32mINSERT INTO "users" ("created_at", "updated_at", "username") VALUES ($1, $2, $3) RETURNING "id"[0m  [["created_at", "2019-06-27 21:12:40.613697"], ["updated_at", "2019-06-27 21:12:40.613697"], ["username", "Si"]]
  ↳ db/seeds.rb:17
  [1m[35m (0.4ms)[0m  [1m[35mCOMMIT[0m
  ↳ db/seeds.rb:17
  [1m[35m (0.1ms)[0m  [1m[35mBEGIN[0m
  ↳ db/seeds.rb:18
  [1m[36mUser Create (0.4ms)[0m  [1m[32mINSERT INTO "users" ("created_at", "updated_at", "username") VALUES ($1, $2, $3) RETURNING "id"[0m  [["created_at", "2019-06-27 21:12:40.615925"], ["updated_at", "2019-06-27 21:12:40.615925"], ["username", "Mané"]]
  ↳ db/seeds.rb:18
  [1m[35m (0.5ms)[0m  [1m[35mCOMMIT[0m
  ↳ db/seeds.rb:18
  [1m[35m (0.1ms)[0m  [1m[35mBEGIN[0m
  ↳ db/seeds.rb:19
  [1m[36mUser Create (0.4ms)[0m  [1m[32mINSERT INTO "users" ("created_at", "updated_at", "username") VALUES ($1, $2, $3) RETURNING "id"[0m  [["created_at", "2019-06-27 21:12:40.618274"], ["updated_at", "2019-06-27 21:12:40.618274"], ["username", "Chris Hemsworth"]]
  ↳ db/seeds.rb:19
  [1m[35m (0.5ms)[0m  [1m[35mCOMMIT[0m
  ↳ db/seeds.rb:19
  [1m[35m (0.2ms)[0m  [1m[35mBEGIN[0m
  ↳ db/seeds.rb:21
  [1m[36mPoll Create (0.9ms)[0m  [1m[32mINSERT INTO "polls" ("title", "author_id", "created_at", "updated_at") VALUES ($1, $2, $3, $4) RETURNING "id"[0m  [["title", "Food"], ["author_id", 10], ["created_at", "2019-06-27 21:12:40.635255"], ["updated_at", "2019-06-27 21:12:40.635255"]]
  ↳ db/seeds.rb:21
  [1m[35m (15.6ms)[0m  [1m[35mCOMMIT[0m
  ↳ db/seeds.rb:21
  [1m[35m (1.3ms)[0m  [1m[34mSELECT "schema_migrations"."version" FROM "schema_migrations" ORDER BY "schema_migrations"."version" ASC[0m
  ↳ bin/rails:9
  [1m[36mUser Load (0.8ms)[0m  [1m[34mSELECT "users".* FROM "users"[0m
  ↳ db/seeds.rb:9
  [1m[35m (0.3ms)[0m  [1m[35mBEGIN[0m
  ↳ db/seeds.rb:9
  [1m[36mUser Destroy (0.8ms)[0m  [1m[31mDELETE FROM "users" WHERE "users"."id" = $1[0m  [["id", 7]]
  ↳ db/seeds.rb:9
  [1m[35m (15.8ms)[0m  [1m[35mCOMMIT[0m
  ↳ db/seeds.rb:9
  [1m[35m (0.3ms)[0m  [1m[35mBEGIN[0m
  ↳ db/seeds.rb:9
  [1m[36mUser Destroy (0.5ms)[0m  [1m[31mDELETE FROM "users" WHERE "users"."id" = $1[0m  [["id", 8]]
  ↳ db/seeds.rb:9
  [1m[35m (15.6ms)[0m  [1m[35mCOMMIT[0m
  ↳ db/seeds.rb:9
  [1m[35m (0.2ms)[0m  [1m[35mBEGIN[0m
  ↳ db/seeds.rb:9
  [1m[36mUser Destroy (0.5ms)[0m  [1m[31mDELETE FROM "users" WHERE "users"."id" = $1[0m  [["id", 9]]
  ↳ db/seeds.rb:9
  [1m[35m (0.5ms)[0m  [1m[35mCOMMIT[0m
  ↳ db/seeds.rb:9
  [1m[35m (0.2ms)[0m  [1m[35mBEGIN[0m
  ↳ db/seeds.rb:9
  [1m[36mUser Destroy (0.5ms)[0m  [1m[31mDELETE FROM "users" WHERE "users"."id" = $1[0m  [["id", 10]]
  ↳ db/seeds.rb:9
  [1m[35m (0.5ms)[0m  [1m[35mCOMMIT[0m
  ↳ db/seeds.rb:9
  [1m[36mPoll Load (0.8ms)[0m  [1m[34mSELECT "polls".* FROM "polls"[0m
  ↳ db/seeds.rb:10
  [1m[35m (0.2ms)[0m  [1m[35mBEGIN[0m
  ↳ db/seeds.rb:10
  [1m[36mPoll Destroy (0.7ms)[0m  [1m[31mDELETE FROM "polls" WHERE "polls"."id" = $1[0m  [["id", 1]]
  ↳ db/seeds.rb:10
  [1m[35m (0.5ms)[0m  [1m[35mCOMMIT[0m
  ↳ db/seeds.rb:10
  [1m[36mQuestion Load (0.7ms)[0m  [1m[34mSELECT "questions".* FROM "questions"[0m
  ↳ db/seeds.rb:11
  [1m[36mAnswerChoice Load (0.7ms)[0m  [1m[34mSELECT "answer_choices".* FROM "answer_choices"[0m
  ↳ db/seeds.rb:12
  [1m[36mResponse Load (0.7ms)[0m  [1m[34mSELECT "responses".* FROM "responses"[0m
  ↳ db/seeds.rb:13
  [1m[35m (0.2ms)[0m  [1m[35mBEGIN[0m
  ↳ db/seeds.rb:16
  [1m[36mUser Create (0.6ms)[0m  [1m[32mINSERT INTO "users" ("created_at", "updated_at", "username") VALUES ($1, $2, $3) RETURNING "id"[0m  [["created_at", "2019-06-27 21:13:31.324267"], ["updated_at", "2019-06-27 21:13:31.324267"], ["username", "Alistair"]]
  ↳ db/seeds.rb:16
  [1m[35m (0.5ms)[0m  [1m[35mCOMMIT[0m
  ↳ db/seeds.rb:16
  [1m[35m (0.1ms)[0m  [1m[35mBEGIN[0m
  ↳ db/seeds.rb:17
  [1m[36mUser Create (0.4ms)[0m  [1m[32mINSERT INTO "users" ("created_at", "updated_at", "username") VALUES ($1, $2, $3) RETURNING "id"[0m  [["created_at", "2019-06-27 21:13:31.327052"], ["updated_at", "2019-06-27 21:13:31.327052"], ["username", "Si"]]
  ↳ db/seeds.rb:17
  [1m[35m (0.5ms)[0m  [1m[35mCOMMIT[0m
  ↳ db/seeds.rb:17
  [1m[35m (0.2ms)[0m  [1m[35mBEGIN[0m
  ↳ db/seeds.rb:18
  [1m[36mUser Create (0.6ms)[0m  [1m[32mINSERT INTO "users" ("created_at", "updated_at", "username") VALUES ($1, $2, $3) RETURNING "id"[0m  [["created_at", "2019-06-27 21:13:31.329758"], ["updated_at", "2019-06-27 21:13:31.329758"], ["username", "Mané"]]
  ↳ db/seeds.rb:18
  [1m[35m (0.5ms)[0m  [1m[35mCOMMIT[0m
  ↳ db/seeds.rb:18
  [1m[35m (0.1ms)[0m  [1m[35mBEGIN[0m
  ↳ db/seeds.rb:19
  [1m[36mUser Create (0.5ms)[0m  [1m[32mINSERT INTO "users" ("created_at", "updated_at", "username") VALUES ($1, $2, $3) RETURNING "id"[0m  [["created_at", "2019-06-27 21:13:31.332734"], ["updated_at", "2019-06-27 21:13:31.332734"], ["username", "Chris Hemsworth"]]
  ↳ db/seeds.rb:19
  [1m[35m (0.5ms)[0m  [1m[35mCOMMIT[0m
  ↳ db/seeds.rb:19
  [1m[35m (0.2ms)[0m  [1m[35mBEGIN[0m
  ↳ db/seeds.rb:21
  [1m[36mPoll Create (0.5ms)[0m  [1m[32mINSERT INTO "polls" ("title", "author_id", "created_at", "updated_at") VALUES ($1, $2, $3, $4) RETURNING "id"[0m  [["title", "Food"], ["author_id", 14], ["created_at", "2019-06-27 21:13:31.339799"], ["updated_at", "2019-06-27 21:13:31.339799"]]
  ↳ db/seeds.rb:21
  [1m[35m (0.4ms)[0m  [1m[35mCOMMIT[0m
  ↳ db/seeds.rb:21
  [1m[35m (1.1ms)[0m  [1m[34mSELECT "schema_migrations"."version" FROM "schema_migrations" ORDER BY "schema_migrations"."version" ASC[0m
  ↳ bin/rails:9
  [1m[36mUser Load (0.8ms)[0m  [1m[34mSELECT "users".* FROM "users"[0m
  ↳ db/seeds.rb:9
  [1m[35m (0.2ms)[0m  [1m[35mBEGIN[0m
  ↳ db/seeds.rb:9
  [1m[36mUser Destroy (0.6ms)[0m  [1m[31mDELETE FROM "users" WHERE "users"."id" = $1[0m  [["id", 11]]
  ↳ db/seeds.rb:9
  [1m[35m (0.7ms)[0m  [1m[35mCOMMIT[0m
  ↳ db/seeds.rb:9
  [1m[35m (0.2ms)[0m  [1m[35mBEGIN[0m
  ↳ db/seeds.rb:9
  [1m[36mUser Destroy (0.5ms)[0m  [1m[31mDELETE FROM "users" WHERE "users"."id" = $1[0m  [["id", 12]]
  ↳ db/seeds.rb:9
  [1m[35m (1.6ms)[0m  [1m[35mCOMMIT[0m
  ↳ db/seeds.rb:9
  [1m[35m (0.2ms)[0m  [1m[35mBEGIN[0m
  ↳ db/seeds.rb:9
  [1m[36mUser Destroy (0.5ms)[0m  [1m[31mDELETE FROM "users" WHERE "users"."id" = $1[0m  [["id", 13]]
  ↳ db/seeds.rb:9
  [1m[35m (0.6ms)[0m  [1m[35mCOMMIT[0m
  ↳ db/seeds.rb:9
  [1m[35m (0.2ms)[0m  [1m[35mBEGIN[0m
  ↳ db/seeds.rb:9
  [1m[36mUser Destroy (0.5ms)[0m  [1m[31mDELETE FROM "users" WHERE "users"."id" = $1[0m  [["id", 14]]
  ↳ db/seeds.rb:9
  [1m[35m (0.5ms)[0m  [1m[35mCOMMIT[0m
  ↳ db/seeds.rb:9
  [1m[36mPoll Load (0.7ms)[0m  [1m[34mSELECT "polls".* FROM "polls"[0m
  ↳ db/seeds.rb:10
  [1m[35m (0.2ms)[0m  [1m[35mBEGIN[0m
  ↳ db/seeds.rb:10
  [1m[36mPoll Destroy (0.5ms)[0m  [1m[31mDELETE FROM "polls" WHERE "polls"."id" = $1[0m  [["id", 2]]
  ↳ db/seeds.rb:10
  [1m[35m (0.5ms)[0m  [1m[35mCOMMIT[0m
  ↳ db/seeds.rb:10
  [1m[36mQuestion Load (0.7ms)[0m  [1m[34mSELECT "questions".* FROM "questions"[0m
  ↳ db/seeds.rb:11
  [1m[36mAnswerChoice Load (0.7ms)[0m  [1m[34mSELECT "answer_choices".* FROM "answer_choices"[0m
  ↳ db/seeds.rb:12
  [1m[36mResponse Load (0.7ms)[0m  [1m[34mSELECT "responses".* FROM "responses"[0m
  ↳ db/seeds.rb:13
  [1m[35m (0.2ms)[0m  [1m[35mBEGIN[0m
  ↳ db/seeds.rb:16
  [1m[36mUser Create (0.7ms)[0m  [1m[32mINSERT INTO "users" ("created_at", "updated_at", "username") VALUES ($1, $2, $3) RETURNING "id"[0m  [["created_at", "2019-06-27 21:14:21.936630"], ["updated_at", "2019-06-27 21:14:21.936630"], ["username", "Alistair"]]
  ↳ db/seeds.rb:16
  [1m[35m (0.4ms)[0m  [1m[35mCOMMIT[0m
  ↳ db/seeds.rb:16
  [1m[35m (0.1ms)[0m  [1m[35mBEGIN[0m
  ↳ db/seeds.rb:17
  [1m[36mUser Create (0.5ms)[0m  [1m[32mINSERT INTO "users" ("created_at", "updated_at", "username") VALUES ($1, $2, $3) RETURNING "id"[0m  [["created_at", "2019-06-27 21:14:21.939612"], ["updated_at", "2019-06-27 21:14:21.939612"], ["username", "Si"]]
  ↳ db/seeds.rb:17
  [1m[35m (0.4ms)[0m  [1m[35mCOMMIT[0m
  ↳ db/seeds.rb:17
  [1m[35m (0.1ms)[0m  [1m[35mBEGIN[0m
  ↳ db/seeds.rb:18
  [1m[36mUser Create (0.4ms)[0m  [1m[32mINSERT INTO "users" ("created_at", "updated_at", "username") VALUES ($1, $2, $3) RETURNING "id"[0m  [["created_at", "2019-06-27 21:14:21.941942"], ["updated_at", "2019-06-27 21:14:21.941942"], ["username", "Mané"]]
  ↳ db/seeds.rb:18
  [1m[35m (0.4ms)[0m  [1m[35mCOMMIT[0m
  ↳ db/seeds.rb:18
  [1m[35m (0.2ms)[0m  [1m[35mBEGIN[0m
  ↳ db/seeds.rb:19
  [1m[36mUser Create (0.5ms)[0m  [1m[32mINSERT INTO "users" ("created_at", "updated_at", "username") VALUES ($1, $2, $3) RETURNING "id"[0m  [["created_at", "2019-06-27 21:14:21.944345"], ["updated_at", "2019-06-27 21:14:21.944345"], ["username", "Chris Hemsworth"]]
  ↳ db/seeds.rb:19
  [1m[35m (0.4ms)[0m  [1m[35mCOMMIT[0m
  ↳ db/seeds.rb:19
  [1m[35m (0.2ms)[0m  [1m[35mBEGIN[0m
  ↳ db/seeds.rb:21
  [1m[36mPoll Create (0.6ms)[0m  [1m[32mINSERT INTO "polls" ("title", "author_id", "created_at", "updated_at") VALUES ($1, $2, $3, $4) RETURNING "id"[0m  [["title", "Food"], ["author_id", 18], ["created_at", "2019-06-27 21:14:21.950926"], ["updated_at", "2019-06-27 21:14:21.950926"]]
  ↳ db/seeds.rb:21
  [1m[35m (0.5ms)[0m  [1m[35mCOMMIT[0m
  ↳ db/seeds.rb:21
  [1m[35m (0.2ms)[0m  [1m[35mBEGIN[0m
  ↳ db/seeds.rb:23
  [1m[36mQuestion Create (0.9ms)[0m  [1m[32mINSERT INTO "questions" ("text", "poll_id", "created_at", "updated_at") VALUES ($1, $2, $3, $4) RETURNING "id"[0m  [["text", "What''s your fave food?"], ["poll_id", 3], ["created_at", "2019-06-27 21:14:21.962513"], ["updated_at", "2019-06-27 21:14:21.962513"]]
  ↳ db/seeds.rb:23
  [1m[35m (0.6ms)[0m  [1m[35mCOMMIT[0m
  ↳ db/seeds.rb:23
  [1m[35m (0.2ms)[0m  [1m[35mBEGIN[0m
  ↳ db/seeds.rb:25
  [1m[36mAnswerChoice Create (0.7ms)[0m  [1m[32mINSERT INTO "answer_choices" ("text", "question_id", "created_at", "updated_at") VALUES ($1, $2, $3, $4) RETURNING "id"[0m  [["text", "Pizza"], ["question_id", 1], ["created_at", "2019-06-27 21:14:21.974542"], ["updated_at", "2019-06-27 21:14:21.974542"]]
  ↳ db/seeds.rb:25
  [1m[35m (0.6ms)[0m  [1m[35mCOMMIT[0m
  ↳ db/seeds.rb:25
  [1m[35m (0.2ms)[0m  [1m[35mBEGIN[0m
  ↳ db/seeds.rb:26
  [1m[36mAnswerChoice Create (0.6ms)[0m  [1m[32mINSERT INTO "answer_choices" ("text", "question_id", "created_at", "updated_at") VALUES ($1, $2, $3, $4) RETURNING "id"[0m  [["text", "Schnizel"], ["question_id", 1], ["created_at", "2019-06-27 21:14:21.978045"], ["updated_at", "2019-06-27 21:14:21.978045"]]
  ↳ db/seeds.rb:26
  [1m[35m (0.5ms)[0m  [1m[35mCOMMIT[0m
  ↳ db/seeds.rb:26
  [1m[35m (0.1ms)[0m  [1m[35mBEGIN[0m
  ↳ db/seeds.rb:27
  [1m[36mAnswerChoice Create (0.4ms)[0m  [1m[32mINSERT INTO "answer_choices" ("text", "question_id", "created_at", "updated_at") VALUES ($1, $2, $3, $4) RETURNING "id"[0m  [["text", "Pasta"], ["question_id", 1], ["created_at", "2019-06-27 21:14:21.981076"], ["updated_at", "2019-06-27 21:14:21.981076"]]
  ↳ db/seeds.rb:27
  [1m[35m (0.4ms)[0m  [1m[35mCOMMIT[0m
  ↳ db/seeds.rb:27
  [1m[35m (0.1ms)[0m  [1m[35mBEGIN[0m
  ↳ db/seeds.rb:28
  [1m[36mAnswerChoice Create (0.4ms)[0m  [1m[32mINSERT INTO "answer_choices" ("text", "question_id", "created_at", "updated_at") VALUES ($1, $2, $3, $4) RETURNING "id"[0m  [["text", "Sushi"], ["question_id", 1], ["created_at", "2019-06-27 21:14:21.983658"], ["updated_at", "2019-06-27 21:14:21.983658"]]
  ↳ db/seeds.rb:28
  [1m[35m (0.4ms)[0m  [1m[35mCOMMIT[0m
  ↳ db/seeds.rb:28
  [1m[35m (0.2ms)[0m  [1m[35mBEGIN[0m
  ↳ db/seeds.rb:30
  [1m[36mResponse Create (0.7ms)[0m  [1m[32mINSERT INTO "responses" ("created_at", "updated_at", "respondent_id", "answer_choice_id") VALUES ($1, $2, $3, $4) RETURNING "id"[0m  [["created_at", "2019-06-27 21:14:21.995568"], ["updated_at", "2019-06-27 21:14:21.995568"], ["respondent_id", 15], ["answer_choice_id", 2]]
  ↳ db/seeds.rb:30
  [1m[35m (0.4ms)[0m  [1m[35mCOMMIT[0m
  ↳ db/seeds.rb:30
  [1m[35m (0.1ms)[0m  [1m[35mBEGIN[0m
  ↳ db/seeds.rb:31
  [1m[36mResponse Create (0.4ms)[0m  [1m[32mINSERT INTO "responses" ("created_at", "updated_at", "respondent_id", "answer_choice_id") VALUES ($1, $2, $3, $4) RETURNING "id"[0m  [["created_at", "2019-06-27 21:14:21.998351"], ["updated_at", "2019-06-27 21:14:21.998351"], ["respondent_id", 16], ["answer_choice_id", 4]]
  ↳ db/seeds.rb:31
  [1m[35m (0.5ms)[0m  [1m[35mCOMMIT[0m
  ↳ db/seeds.rb:31
  [1m[35m (0.1ms)[0m  [1m[35mBEGIN[0m
  ↳ db/seeds.rb:32
  [1m[36mResponse Create (0.4ms)[0m  [1m[32mINSERT INTO "responses" ("created_at", "updated_at", "respondent_id", "answer_choice_id") VALUES ($1, $2, $3, $4) RETURNING "id"[0m  [["created_at", "2019-06-27 21:14:22.000803"], ["updated_at", "2019-06-27 21:14:22.000803"], ["respondent_id", 17], ["answer_choice_id", 4]]
  ↳ db/seeds.rb:32
  [1m[35m (0.4ms)[0m  [1m[35mCOMMIT[0m
  ↳ db/seeds.rb:32
  [1m[36mUser Load (1.1ms)[0m  [1m[34mSELECT "users".* FROM "users"[0m
  [1m[36mUser Load (0.5ms)[0m  [1m[34mSELECT  "users".* FROM "users" ORDER BY "users"."id" DESC LIMIT $1[0m  [["LIMIT", 1]]
  [1m[36mPoll Load (0.6ms)[0m  [1m[34mSELECT "polls".* FROM "polls" WHERE "polls"."author_id" = $1[0m  [["author_id", 18]]
  [1m[36mUser Load (0.5ms)[0m  [1m[34mSELECT  "users".* FROM "users" ORDER BY "users"."id" ASC LIMIT $1[0m  [["LIMIT", 1]]
  [1m[36mResponse Load (0.7ms)[0m  [1m[34mSELECT "responses".* FROM "responses" WHERE "responses"."respondent_id" = $1[0m  [["respondent_id", 15]]
  [1m[36mQuestion Load (1.0ms)[0m  [1m[34mSELECT "questions".* FROM "questions"[0m
  [1m[36mQuestion Load (0.5ms)[0m  [1m[34mSELECT  "questions".* FROM "questions" ORDER BY "questions"."id" ASC LIMIT $1[0m  [["LIMIT", 1]]
  [1m[36mPoll Load (0.4ms)[0m  [1m[34mSELECT  "polls".* FROM "polls" WHERE "polls"."id" = $1 LIMIT $2[0m  [["id", 3], ["LIMIT", 1]]
  [1m[36mQuestion Load (0.6ms)[0m  [1m[34mSELECT  "questions".* FROM "questions" ORDER BY "questions"."id" ASC LIMIT $1[0m  [["LIMIT", 1]]
  [1m[36mAnswerChoice Load (0.7ms)[0m  [1m[34mSELECT "answer_choices".* FROM "answer_choices" WHERE "answer_choices"."question_id" = $1[0m  [["question_id", 1]]
  [1m[36mPoll Load (0.7ms)[0m  [1m[34mSELECT "polls".* FROM "polls"[0m
  [1m[36mPoll Load (0.5ms)[0m  [1m[34mSELECT  "polls".* FROM "polls" ORDER BY "polls"."id" ASC LIMIT $1[0m  [["LIMIT", 1]]
  [1m[36mUser Load (0.4ms)[0m  [1m[34mSELECT  "users".* FROM "users" WHERE "users"."id" = $1 LIMIT $2[0m  [["id", 18], ["LIMIT", 1]]
  [1m[36mPoll Load (0.7ms)[0m  [1m[34mSELECT  "polls".* FROM "polls" ORDER BY "polls"."id" ASC LIMIT $1[0m  [["LIMIT", 1]]
  [1m[36mQuestion Load (0.4ms)[0m  [1m[34mSELECT "questions".* FROM "questions" WHERE "questions"."poll_id" = $1[0m  [["poll_id", 3]]
  [1m[36mPoll Load (0.4ms)[0m  [1m[34mSELECT  "polls".* FROM "polls" ORDER BY "polls"."id" DESC LIMIT $1[0m  [["LIMIT", 1]]
  [1m[36mPoll Load (0.6ms)[0m  [1m[34mSELECT  "polls".* FROM "polls" ORDER BY "polls"."id" DESC LIMIT $1[0m  [["LIMIT", 1]]
  [1m[36mQuestion Load (0.4ms)[0m  [1m[34mSELECT "questions".* FROM "questions" WHERE "questions"."poll_id" = $1[0m  [["poll_id", 3]]
  [1m[36mAnswerChoice Load (0.6ms)[0m  [1m[34mSELECT "answer_choices".* FROM "answer_choices"[0m
  [1m[36mAnswerChoice Load (0.5ms)[0m  [1m[34mSELECT  "answer_choices".* FROM "answer_choices" ORDER BY "answer_choices"."id" ASC LIMIT $1[0m  [["LIMIT", 1]]
  [1m[36mQuestion Load (0.4ms)[0m  [1m[34mSELECT  "questions".* FROM "questions" WHERE "questions"."id" = $1 LIMIT $2[0m  [["id", 1], ["LIMIT", 1]]
  [1m[36mAnswerChoice Load (0.6ms)[0m  [1m[34mSELECT  "answer_choices".* FROM "answer_choices" ORDER BY "answer_choices"."id" ASC LIMIT $1[0m  [["LIMIT", 1]]
  [1m[36mResponse Load (0.4ms)[0m  [1m[34mSELECT "responses".* FROM "responses" WHERE "responses"."answer_choice_id" = $1[0m  [["answer_choice_id", 1]]
  [1m[36mAnswerChoice Load (0.5ms)[0m  [1m[34mSELECT  "answer_choices".* FROM "answer_choices" ORDER BY "answer_choices"."id" DESC LIMIT $1[0m  [["LIMIT", 1]]
  [1m[36mResponse Load (0.4ms)[0m  [1m[34mSELECT "responses".* FROM "responses" WHERE "responses"."answer_choice_id" = $1[0m  [["answer_choice_id", 4]]
  [1m[36mResponse Load (0.6ms)[0m  [1m[34mSELECT "responses".* FROM "responses"[0m
  [1m[36mResponse Load (0.7ms)[0m  [1m[34mSELECT "responses".* FROM "responses"[0m
  [1m[36mResponse Load (0.5ms)[0m  [1m[34mSELECT  "responses".* FROM "responses" ORDER BY "responses"."id" ASC LIMIT $1[0m  [["LIMIT", 1]]
  [1m[36mUser Load (0.5ms)[0m  [1m[34mSELECT  "users".* FROM "users" WHERE "users"."id" = $1 LIMIT $2[0m  [["id", 15], ["LIMIT", 1]]
  [1m[36mResponse Load (0.8ms)[0m  [1m[34mSELECT  "responses".* FROM "responses" ORDER BY "responses"."id" ASC LIMIT $1[0m  [["LIMIT", 1]]
  [1m[36mAnswerChoice Load (0.4ms)[0m  [1m[34mSELECT  "answer_choices".* FROM "answer_choices" WHERE "answer_choices"."id" = $1 LIMIT $2[0m  [["id", 2], ["LIMIT", 1]]
